C:\Program Files (x86)\Microsoft Visual Studio\2019\Community\MSBuild\Microsoft\VC\v160\Microsoft.CppBuild.targets(513,5): warning MSB8028: 중간 디렉터리(x64\Debug\)에 다른 프로젝트(OOP2021_1.vcxproj)에서 공유하는 파일이 포함되어 있습니다.  이로 인해 잘못된 정리 및 다시 빌드 동작이 수행될 수 있습니다.
  Scene.cpp
C:\Program Files (x86)\Microsoft Visual Studio\2019\Community\VC\Tools\MSVC\14.29.30133\include\xmemory(714,47): error C2280: 'std::unique_ptr<GameObject,std::default_delete<GameObject>>::unique_ptr(const std::unique_ptr<GameObject,std::default_delete<GameObject>> &)': 삭제된 함수를 참조하려고 합니다.
C:\Program Files (x86)\Microsoft Visual Studio\2019\Community\VC\Tools\MSVC\14.29.30133\include\memory(3269): message : 'std::unique_ptr<GameObject,std::default_delete<GameObject>>::unique_ptr' 선언을 참조하십시오.
C:\Program Files (x86)\Microsoft Visual Studio\2019\Community\VC\Tools\MSVC\14.29.30133\include\memory(3269,5): message : 'std::unique_ptr<GameObject,std::default_delete<GameObject>>::unique_ptr(const std::unique_ptr<GameObject,std::default_delete<GameObject>> &)': 함수가 명시적으로 삭제되었습니다.
C:\Program Files (x86)\Microsoft Visual Studio\2019\Community\VC\Tools\MSVC\14.29.30133\include\vector(721): message : 컴파일되는 함수 템플릿 인스턴스화 'void std::_Default_allocator_traits<_Alloc>::construct<_Ty,const _Ty&>(_Alloc &,_Objty *const ,const _Ty &)'에 대한 참조를 확인하세요.
          with
          [
              _Alloc=std::allocator<std::unique_ptr<GameObject,std::default_delete<GameObject>>>,
              _Ty=std::unique_ptr<GameObject,std::default_delete<GameObject>>,
              _Objty=std::unique_ptr<GameObject,std::default_delete<GameObject>>
          ]
C:\Program Files (x86)\Microsoft Visual Studio\2019\Community\VC\Tools\MSVC\14.29.30133\include\vector(726): message : 컴파일되는 함수 템플릿 인스턴스화 'void std::_Default_allocator_traits<_Alloc>::construct<_Ty,const _Ty&>(_Alloc &,_Objty *const ,const _Ty &)'에 대한 참조를 확인하세요.
          with
          [
              _Alloc=std::allocator<std::unique_ptr<GameObject,std::default_delete<GameObject>>>,
              _Ty=std::unique_ptr<GameObject,std::default_delete<GameObject>>,
              _Objty=std::unique_ptr<GameObject,std::default_delete<GameObject>>
          ]
C:\Program Files (x86)\Microsoft Visual Studio\2019\Community\VC\Tools\MSVC\14.29.30133\include\vector(739): message : 컴파일되는 함수 템플릿 인스턴스화 'void std::vector<std::unique_ptr<GameObject,std::default_delete<GameObject>>,std::allocator<std::unique_ptr<GameObject,std::default_delete<GameObject>>>>::_Emplace_back_with_unused_capacity<const _Ty&>(const _Ty &)'에 대한 참조를 확인하세요.
          with
          [
              _Ty=std::unique_ptr<GameObject,std::default_delete<GameObject>>
          ]
C:\Program Files (x86)\Microsoft Visual Studio\2019\Community\VC\Tools\MSVC\14.29.30133\include\vector(756): message : 컴파일되는 함수 템플릿 인스턴스화 'void std::vector<std::unique_ptr<GameObject,std::default_delete<GameObject>>,std::allocator<std::unique_ptr<GameObject,std::default_delete<GameObject>>>>::emplace_back<const _Ty&>(const _Ty &)'에 대한 참조를 확인하세요.
          with
          [
              _Ty=std::unique_ptr<GameObject,std::default_delete<GameObject>>
          ]
C:\Program Files (x86)\Microsoft Visual Studio\2019\Community\VC\Tools\MSVC\14.29.30133\include\vector(755): message : 클래스 템플릿 멤버 함수 'void std::vector<std::unique_ptr<GameObject,std::default_delete<GameObject>>,std::allocator<std::unique_ptr<GameObject,std::default_delete<GameObject>>>>::push_back(const _Ty &)'을(를) 컴파일하는 중입니다.
          with
          [
              _Ty=std::unique_ptr<GameObject,std::default_delete<GameObject>>
          ]
C:\Users\방찬웅\Desktop\OOP2021_1\Scene.cpp(14): message : 컴파일되는 함수 템플릿 인스턴스화 'void std::vector<std::unique_ptr<GameObject,std::default_delete<GameObject>>,std::allocator<std::unique_ptr<GameObject,std::default_delete<GameObject>>>>::push_back(const _Ty &)'에 대한 참조를 확인하세요.
          with
          [
              _Ty=std::unique_ptr<GameObject,std::default_delete<GameObject>>
          ]
C:\Users\방찬웅\Desktop\OOP2021_1\Scene.h(18): message : 컴파일되는 클래스 템플릿 인스턴스화 'std::vector<std::unique_ptr<GameObject,std::default_delete<GameObject>>,std::allocator<std::unique_ptr<GameObject,std::default_delete<GameObject>>>>'에 대한 참조를 확인하세요.
